0 info it worked if it ends with ok
1 verbose cli [ 'node',
1 verbose cli   '/usr/local/lib/node_modules/cnpm/node_modules/.bin/npm',
1 verbose cli   '--userconfig=/Users/apple/.cnpmrc',
1 verbose cli   '--disturl=https://npm.taobao.org/mirrors/node',
1 verbose cli   '--cache=/Users/apple/.cnpm',
1 verbose cli   '--registry=https://registry.npm.taobao.org',
1 verbose cli   '--node-gyp=/usr/local/lib/node_modules/cnpm/node_modules/pangyp/bin/node-gyp.js',
1 verbose cli   'publish' ]
2 info using npm@2.7.6
3 info using node@v0.12.4
4 verbose publish [ '.' ]
5 silly cache add args [ '.', null ]
6 verbose cache add spec .
7 silly cache add parsed spec { raw: '.',
7 silly cache add   scope: null,
7 silly cache add   name: null,
7 silly cache add   rawSpec: '.',
7 silly cache add   spec: '/Users/apple/Desktop/madara',
7 silly cache add   type: 'directory' }
8 verbose addLocalDirectory /Users/apple/.cnpm/madara/0.0.2/package.tgz not in flight; packing
9 verbose tar pack [ '/Users/apple/.cnpm/madara/0.0.2/package.tgz',
9 verbose tar pack   '/Users/apple/Desktop/madara' ]
10 verbose tarball /Users/apple/.cnpm/madara/0.0.2/package.tgz
11 verbose folder /Users/apple/Desktop/madara
12 info prepublish madara@0.0.2
13 verbose addLocalTarball adding from inside cache /Users/apple/.cnpm/madara/0.0.2/package.tgz
14 silly cache afterAdd madara@0.0.2
15 verbose afterAdd /Users/apple/.cnpm/madara/0.0.2/package/package.json not in flight; writing
16 verbose afterAdd /Users/apple/.cnpm/madara/0.0.2/package/package.json written
17 silly publish { name: 'madara',
17 silly publish   version: '0.0.2',
17 silly publish   dependencies: { bluebird: '2.9.32', jade: '1.11.0', markdown: '0.5.0' },
17 silly publish   main: 'lib/index',
17 silly publish   gitHead: '52ee19eda9709259ae86b49e9a50fac1916c0119',
17 silly publish   readme: 'ERROR: No README data found!',
17 silly publish   _id: 'madara@0.0.2',
17 silly publish   scripts: {},
17 silly publish   _shasum: '944ea230efc5f6219a59f1397751f45444a6acfc',
17 silly publish   _from: '.' }
18 silly mapToRegistry name madara
19 silly mapToRegistry using default registry
20 silly mapToRegistry registry https://registry.npm.taobao.org/
21 silly mapToRegistry uri https://registry.npm.taobao.org/madara
22 verbose publish registryBase https://registry.npm.taobao.org/
23 silly publish uploading /Users/apple/.cnpm/madara/0.0.2/package.tgz
24 verbose stack Error: auth required for publishing
24 verbose stack     at CachingRegistryClient.publish (/usr/local/lib/node_modules/cnpm/node_modules/npm/node_modules/npm-registry-client/lib/publish.js:30:14)
24 verbose stack     at /usr/local/lib/node_modules/cnpm/node_modules/npm/lib/publish.js:144:14
24 verbose stack     at mapToRegistry (/usr/local/lib/node_modules/cnpm/node_modules/npm/lib/utils/map-to-registry.js:55:3)
24 verbose stack     at publish_ (/usr/local/lib/node_modules/cnpm/node_modules/npm/lib/publish.js:114:3)
24 verbose stack     at Array.<anonymous> (/usr/local/lib/node_modules/cnpm/node_modules/npm/node_modules/slide/lib/bind-actor.js:15:8)
24 verbose stack     at LOOP (/usr/local/lib/node_modules/cnpm/node_modules/npm/node_modules/slide/lib/chain.js:15:14)
24 verbose stack     at LOOP (/usr/local/lib/node_modules/cnpm/node_modules/npm/node_modules/slide/lib/chain.js:14:28)
24 verbose stack     at chain (/usr/local/lib/node_modules/cnpm/node_modules/npm/node_modules/slide/lib/chain.js:20:5)
24 verbose stack     at /usr/local/lib/node_modules/cnpm/node_modules/npm/lib/publish.js:74:5
24 verbose stack     at RES (/usr/local/lib/node_modules/cnpm/node_modules/npm/node_modules/inflight/inflight.js:23:14)
25 verbose cwd /Users/apple/Desktop/madara
26 error Darwin 14.1.1
27 error argv "node" "/usr/local/lib/node_modules/cnpm/node_modules/.bin/npm" "--userconfig=/Users/apple/.cnpmrc" "--disturl=https://npm.taobao.org/mirrors/node" "--cache=/Users/apple/.cnpm" "--registry=https://registry.npm.taobao.org" "--node-gyp=/usr/local/lib/node_modules/cnpm/node_modules/pangyp/bin/node-gyp.js" "publish"
28 error node v0.12.4
29 error npm  v2.7.6
30 error code ENEEDAUTH
31 error need auth auth required for publishing
31 error need auth You need to authorize this machine using `npm adduser`
32 verbose exit [ 1, true ]
